[debug] [2020-04-12T16:11:06.364Z] ----------------------------------------------------------------------
[debug] [2020-04-12T16:11:06.366Z] Command:       /Users/hideki.ishibashi/.nodebrew/node/v8.13.0/bin/node /Users/hideki.ishibashi/.nodebrew/current/bin/firebase serve --only functions
[debug] [2020-04-12T16:11:06.367Z] CLI Version:   8.0.2
[debug] [2020-04-12T16:11:06.367Z] Platform:      darwin
[debug] [2020-04-12T16:11:06.367Z] Node Version:  v8.13.0
[debug] [2020-04-12T16:11:06.367Z] Time:          Mon Apr 13 2020 01:11:06 GMT+0900 (JST)
[debug] [2020-04-12T16:11:06.368Z] ----------------------------------------------------------------------
[debug] [2020-04-12T16:11:06.368Z] 
[debug] [2020-04-12T16:11:06.381Z] > command requires scopes: ["email","openid","https://www.googleapis.com/auth/cloudplatformprojects.readonly","https://www.googleapis.com/auth/firebase","https://www.googleapis.com/auth/cloud-platform"]
[debug] [2020-04-12T16:11:06.381Z] > authorizing via signed-in user
[debug] [2020-04-12T16:11:06.381Z] [iam] checking project seattle-academy-demo for permissions ["firebase.projects.get"]
[debug] [2020-04-12T16:11:06.389Z] >>> HTTP REQUEST POST https://cloudresourcemanager.googleapis.com/v1/projects/seattle-academy-demo:testIamPermissions  
 {"permissions":["firebase.projects.get"]}
[debug] [2020-04-12T16:11:06.886Z] <<< HTTP RESPONSE 200 {"content-type":"application/json; charset=UTF-8","vary":"X-Origin, Referer, Origin,Accept-Encoding","date":"Sun, 12 Apr 2020 16:11:06 GMT","server":"ESF","cache-control":"private","x-xss-protection":"0","x-frame-options":"SAMEORIGIN","x-content-type-options":"nosniff","server-timing":"gfet4t7; dur=129","alt-svc":"quic=\":443\"; ma=2592000; v=\"46,43\",h3-Q050=\":443\"; ma=2592000,h3-Q049=\":443\"; ma=2592000,h3-Q048=\":443\"; ma=2592000,h3-Q046=\":443\"; ma=2592000,h3-Q043=\":443\"; ma=2592000,h3-T050=\":443\"; ma=2592000","accept-ranges":"none","transfer-encoding":"chunked"}
[debug] [2020-04-12T16:11:06.888Z] >>> HTTP REQUEST GET https://firebase.googleapis.com/v1beta1/projects/seattle-academy-demo  
 
[debug] [2020-04-12T16:11:07.912Z] <<< HTTP RESPONSE 200 {"content-type":"application/json; charset=UTF-8","vary":"X-Origin, Referer, Origin,Accept-Encoding","date":"Sun, 12 Apr 2020 16:11:07 GMT","server":"ESF","cache-control":"private","x-xss-protection":"0","x-frame-options":"SAMEORIGIN","x-content-type-options":"nosniff","alt-svc":"quic=\":443\"; ma=2592000; v=\"46,43\",h3-Q050=\":443\"; ma=2592000,h3-Q049=\":443\"; ma=2592000,h3-Q048=\":443\"; ma=2592000,h3-Q046=\":443\"; ma=2592000,h3-Q043=\":443\"; ma=2592000,h3-T050=\":443\"; ma=2592000","accept-ranges":"none","transfer-encoding":"chunked"}
[info] ✔  functions: Using node@8 from host.
[info] ✔  functions: functions emulator started at http://localhost:5000
[info] i  functions: Watching "/Users/hideki.ishibashi/seattle-academy20/portfolio/functions" for Cloud Functions...
[debug] [2020-04-12T16:11:07.946Z] [worker-pool] addWorker(~diagnostic~) 
[debug] [2020-04-12T16:11:07.946Z] [worker-pool] Adding worker with key ~diagnostic~, total=1 
[debug] [2020-04-12T16:11:07.946Z] [worker-pool] submitWork(triggerId=) 
[debug] [2020-04-12T16:11:07.947Z] [worker-~diagnostic~-47aa9ea4-a8ed-462b-9c18-8dac672a4557]: Assigning socketPath: /var/folders/dz/pwz8b60n27353hyrlh7zvtxc0000gn/T/fire_emu_11564.sock 
[debug] [2020-04-12T16:11:07.947Z] [worker-~diagnostic~-47aa9ea4-a8ed-462b-9c18-8dac672a4557]: BUSY 
[debug] [2020-04-12T16:11:08.198Z] [runtime-status] [11564] Functions runtime initialized. {"cwd":"/Users/hideki.ishibashi/seattle-academy20/portfolio/functions","node_version":"8.13.0"} 
[debug] [2020-04-12T16:11:08.199Z] [runtime-status] [11564] Disabled runtime features: undefined 
[debug] [2020-04-12T16:11:08.202Z] [runtime-status] [11564] Resolved module firebase-admin {"declared":true,"installed":true,"version":"8.10.0","resolution":"/Users/hideki.ishibashi/seattle-academy20/portfolio/functions/node_modules/firebase-admin/lib/index.js"} 
[debug] [2020-04-12T16:11:08.204Z] [runtime-status] [11564] Resolved module firebase-functions {"declared":true,"installed":true,"version":"3.5.0","resolution":"/Users/hideki.ishibashi/seattle-academy20/portfolio/functions/node_modules/firebase-functions/lib/index.js"} 
[debug] [2020-04-12T16:11:08.205Z] [runtime-status] [11564] Found local functions config: /Users/hideki.ishibashi/seattle-academy20/portfolio/functions/.runtimeconfig.json 
[debug] [2020-04-12T16:11:08.209Z] [runtime-status] [11564] Outgoing network have been stubbed. [{"name":"http","status":"mocked"},{"name":"http","status":"mocked"},{"name":"https","status":"mocked"},{"name":"https","status":"mocked"},{"name":"net","status":"mocked"}] 
[debug] [2020-04-12T16:11:08.285Z] [runtime-status] [11564] Checked functions.config() {"config":{}} 
[debug] [2020-04-12T16:11:08.286Z] [runtime-status] [11564] Resolved module firebase-functions {"declared":true,"installed":true,"version":"3.5.0","resolution":"/Users/hideki.ishibashi/seattle-academy20/portfolio/functions/node_modules/firebase-functions/lib/index.js"} 
[debug] [2020-04-12T16:11:08.287Z] [runtime-status] [11564] Resolved module firebase-admin {"declared":true,"installed":true,"version":"8.10.0","resolution":"/Users/hideki.ishibashi/seattle-academy20/portfolio/functions/node_modules/firebase-admin/lib/index.js"} 
[debug] [2020-04-12T16:11:08.287Z] [runtime-status] [11564] Resolved module firebase-functions {"declared":true,"installed":true,"version":"3.5.0","resolution":"/Users/hideki.ishibashi/seattle-academy20/portfolio/functions/node_modules/firebase-functions/lib/index.js"} 
[debug] [2020-04-12T16:11:08.287Z] [runtime-status] [11564] firebase-admin has been stubbed. {"adminResolution":{"declared":true,"installed":true,"version":"8.10.0","resolution":"/Users/hideki.ishibashi/seattle-academy20/portfolio/functions/node_modules/firebase-admin/lib/index.js"}} 
[debug] [2020-04-12T16:11:08.494Z] [runtime-status] [11564] initializeApp(DEFAULT) {"databaseURL":"https://seattle-academy-demo.firebaseio.com","storageBucket":"seattle-academy-demo.appspot.com","projectId":"seattle-academy-demo","credential":{"httpClient":{"retry":{"maxRetries":4,"statusCodes":[503],"ioErrorCodes":["ECONNRESET","ETIMEDOUT"],"backOffFactor":0.5,"maxDelayInMillis":60000}}}} 
[info] ✔  functions[app]: http function initialized (http://localhost:5000/seattle-academy-demo/us-central1/app).
[debug] [2020-04-12T16:11:08.496Z] [worker-~diagnostic~-47aa9ea4-a8ed-462b-9c18-8dac672a4557]: IDLE 
[debug] [2020-04-12T16:11:24.175Z] [work-queue] {"queueLength":1,"workRunningCount":0}
[debug] [2020-04-12T16:11:24.176Z] [work-queue] {"queueLength":0,"workRunningCount":1}
[debug] [2020-04-12T16:11:24.176Z] Accepted request GET /seattle-academy-demo/us-central1/app --> app
[debug] [2020-04-12T16:11:24.179Z] [worker-pool] addWorker(app) 
[debug] [2020-04-12T16:11:24.179Z] [worker-pool] Adding worker with key app, total=1 
[debug] [2020-04-12T16:11:24.179Z] [worker-pool] submitWork(triggerId=app) 
[debug] [2020-04-12T16:11:24.179Z] [worker-app-996ebee1-50b8-4dba-ba8a-084fbb19a752]: Assigning socketPath: /var/folders/dz/pwz8b60n27353hyrlh7zvtxc0000gn/T/fire_emu_11591.sock 
[debug] [2020-04-12T16:11:24.179Z] [worker-app-996ebee1-50b8-4dba-ba8a-084fbb19a752]: BUSY 
[debug] [2020-04-12T16:11:24.477Z] [runtime-status] [11591] Functions runtime initialized. {"cwd":"/Users/hideki.ishibashi/seattle-academy20/portfolio/functions","node_version":"8.13.0"} 
[debug] [2020-04-12T16:11:24.478Z] [runtime-status] [11591] Disabled runtime features: undefined 
[debug] [2020-04-12T16:11:24.479Z] [runtime-status] [11591] Resolved module firebase-admin {"declared":true,"installed":true,"version":"8.10.0","resolution":"/Users/hideki.ishibashi/seattle-academy20/portfolio/functions/node_modules/firebase-admin/lib/index.js"} 
[debug] [2020-04-12T16:11:24.480Z] [runtime-status] [11591] Resolved module firebase-functions {"declared":true,"installed":true,"version":"3.5.0","resolution":"/Users/hideki.ishibashi/seattle-academy20/portfolio/functions/node_modules/firebase-functions/lib/index.js"} 
[debug] [2020-04-12T16:11:24.481Z] [runtime-status] [11591] Found local functions config: /Users/hideki.ishibashi/seattle-academy20/portfolio/functions/.runtimeconfig.json 
[debug] [2020-04-12T16:11:24.487Z] [runtime-status] [11591] Outgoing network have been stubbed. [{"name":"http","status":"mocked"},{"name":"http","status":"mocked"},{"name":"https","status":"mocked"},{"name":"https","status":"mocked"},{"name":"net","status":"mocked"}] 
[debug] [2020-04-12T16:11:24.542Z] [runtime-status] [11591] Checked functions.config() {"config":{}} 
[debug] [2020-04-12T16:11:24.542Z] [runtime-status] [11591] Resolved module firebase-functions {"declared":true,"installed":true,"version":"3.5.0","resolution":"/Users/hideki.ishibashi/seattle-academy20/portfolio/functions/node_modules/firebase-functions/lib/index.js"} 
[debug] [2020-04-12T16:11:24.543Z] [runtime-status] [11591] Resolved module firebase-admin {"declared":true,"installed":true,"version":"8.10.0","resolution":"/Users/hideki.ishibashi/seattle-academy20/portfolio/functions/node_modules/firebase-admin/lib/index.js"} 
[debug] [2020-04-12T16:11:24.543Z] [runtime-status] [11591] Resolved module firebase-functions {"declared":true,"installed":true,"version":"3.5.0","resolution":"/Users/hideki.ishibashi/seattle-academy20/portfolio/functions/node_modules/firebase-functions/lib/index.js"} 
[debug] [2020-04-12T16:11:24.544Z] [runtime-status] [11591] firebase-admin has been stubbed. {"adminResolution":{"declared":true,"installed":true,"version":"8.10.0","resolution":"/Users/hideki.ishibashi/seattle-academy20/portfolio/functions/node_modules/firebase-admin/lib/index.js"}} 
[debug] [2020-04-12T16:11:24.637Z] [runtime-status] [11591] initializeApp(DEFAULT) {"databaseURL":"https://seattle-academy-demo.firebaseio.com","storageBucket":"seattle-academy-demo.appspot.com","projectId":"seattle-academy-demo","credential":{"httpClient":{"retry":{"maxRetries":4,"statusCodes":[503],"ioErrorCodes":["ECONNRESET","ETIMEDOUT"],"backOffFactor":0.5,"maxDelayInMillis":60000}}}} 
[debug] [2020-04-12T16:11:24.638Z] [runtime-status] [11591] Trigger "app" has been found, beginning invocation! 
[info] i  functions: Beginning execution of "app"
[debug] [2020-04-12T16:11:24.639Z] [runtime-status] [11591] triggerDefinition {"httpsTrigger":{},"name":"app","entryPoint":"app"} 
[debug] [2020-04-12T16:11:24.639Z] [runtime-status] [11591] Running app in mode HTTPS 
[debug] [2020-04-12T16:11:24.647Z] [runtime-status] [11591] Attempting to listen to socketPath: /var/folders/dz/pwz8b60n27353hyrlh7zvtxc0000gn/T/fire_emu_11591.sock 
[debug] [2020-04-12T16:11:24.651Z] [functions] Runtime ready! Sending request! 
[debug] [2020-04-12T16:11:24.665Z] [runtime-status] [11591] Ephemeral server handling GET request 
[warn] ⚠  functions: The Realtime Database emulator is not running, so calls to Realtime Database will affect production.
[debug] [2020-04-12T16:11:24.752Z] [runtime-status] [11591] Ephemeral server survived. 
[info] >  [2020-04-12T16:11:25.218Z]  @firebase/database: FIREBASE WARNING: {"code":"app/invalid-credential","message":"Credential implementation provided to initializeApp() via the \"credential\" property failed to fetch a valid Google OAuth2 access token with the following error: \"Error fetching access token: Error while making request: getaddrinfo ENOTFOUND metadata.google.internal metadata.google.internal:80. Error code: ENOTFOUND\"."}  {"user":"[2020-04-12T16:11:25.218Z]  @firebase/database: FIREBASE WARNING: {\"code\":\"app/invalid-credential\",\"message\":\"Credential implementation provided to initializeApp() via the \\\"credential\\\" property failed to fetch a valid Google OAuth2 access token with the following error: \\\"Error fetching access token: Error while making request: getaddrinfo ENOTFOUND metadata.google.internal metadata.google.internal:80. Error code: ENOTFOUND\\\".\"} "}
[info] >  [2020-04-12T16:11:25.441Z]  @firebase/database: FIREBASE WARNING: {"code":"app/invalid-credential","message":"Credential implementation provided to initializeApp() via the \"credential\" property failed to fetch a valid Google OAuth2 access token with the following error: \"Error fetching access token: Error while making request: getaddrinfo ENOTFOUND metadata.google.internal metadata.google.internal:80. Error code: ENOTFOUND\"."}  {"user":"[2020-04-12T16:11:25.441Z]  @firebase/database: FIREBASE WARNING: {\"code\":\"app/invalid-credential\",\"message\":\"Credential implementation provided to initializeApp() via the \\\"credential\\\" property failed to fetch a valid Google OAuth2 access token with the following error: \\\"Error fetching access token: Error while making request: getaddrinfo ENOTFOUND metadata.google.internal metadata.google.internal:80. Error code: ENOTFOUND\\\".\"} "}
[info] >  [2020-04-12T16:11:26.286Z]  @firebase/database: FIREBASE WARNING: {"code":"app/invalid-credential","message":"Credential implementation provided to initializeApp() via the \"credential\" property failed to fetch a valid Google OAuth2 access token with the following error: \"Error fetching access token: Error while making request: getaddrinfo ENOTFOUND metadata.google.internal metadata.google.internal:80. Error code: ENOTFOUND\"."}  {"user":"[2020-04-12T16:11:26.286Z]  @firebase/database: FIREBASE WARNING: {\"code\":\"app/invalid-credential\",\"message\":\"Credential implementation provided to initializeApp() via the \\\"credential\\\" property failed to fetch a valid Google OAuth2 access token with the following error: \\\"Error fetching access token: Error while making request: getaddrinfo ENOTFOUND metadata.google.internal metadata.google.internal:80. Error code: ENOTFOUND\\\".\"} "}
[info] >  [2020-04-12T16:11:27.966Z]  @firebase/database: FIREBASE WARNING: {"code":"app/invalid-credential","message":"Credential implementation provided to initializeApp() via the \"credential\" property failed to fetch a valid Google OAuth2 access token with the following error: \"Error fetching access token: Error while making request: getaddrinfo ENOTFOUND metadata.google.internal metadata.google.internal:80. Error code: ENOTFOUND\"."}  {"user":"[2020-04-12T16:11:27.966Z]  @firebase/database: FIREBASE WARNING: {\"code\":\"app/invalid-credential\",\"message\":\"Credential implementation provided to initializeApp() via the \\\"credential\\\" property failed to fetch a valid Google OAuth2 access token with the following error: \\\"Error fetching access token: Error while making request: getaddrinfo ENOTFOUND metadata.google.internal metadata.google.internal:80. Error code: ENOTFOUND\\\".\"} "}
[info] >  [2020-04-12T16:11:29.471Z]  @firebase/database: FIREBASE WARNING: {"code":"app/invalid-credential","message":"Credential implementation provided to initializeApp() via the \"credential\" property failed to fetch a valid Google OAuth2 access token with the following error: \"Error fetching access token: Error while making request: getaddrinfo ENOTFOUND metadata.google.internal metadata.google.internal:80. Error code: ENOTFOUND\"."}  {"user":"[2020-04-12T16:11:29.471Z]  @firebase/database: FIREBASE WARNING: {\"code\":\"app/invalid-credential\",\"message\":\"Credential implementation provided to initializeApp() via the \\\"credential\\\" property failed to fetch a valid Google OAuth2 access token with the following error: \\\"Error fetching access token: Error while making request: getaddrinfo ENOTFOUND metadata.google.internal metadata.google.internal:80. Error code: ENOTFOUND\\\".\"} "}
[info] >  [2020-04-12T16:11:29.566Z]  @firebase/database: FIREBASE WARNING: {"code":"app/invalid-credential","message":"Credential implementation provided to initializeApp() via the \"credential\" property failed to fetch a valid Google OAuth2 access token with the following error: \"Error fetching access token: Error while making request: getaddrinfo ENOTFOUND metadata.google.internal metadata.google.internal:80. Error code: ENOTFOUND\"."}  {"user":"[2020-04-12T16:11:29.566Z]  @firebase/database: FIREBASE WARNING: {\"code\":\"app/invalid-credential\",\"message\":\"Credential implementation provided to initializeApp() via the \\\"credential\\\" property failed to fetch a valid Google OAuth2 access token with the following error: \\\"Error fetching access token: Error while making request: getaddrinfo ENOTFOUND metadata.google.internal metadata.google.internal:80. Error code: ENOTFOUND\\\".\"} "}
[info] >  [2020-04-12T16:11:32.656Z]  @firebase/database: FIREBASE WARNING: {"code":"app/invalid-credential","message":"Credential implementation provided to initializeApp() via the \"credential\" property failed to fetch a valid Google OAuth2 access token with the following error: \"Error fetching access token: Error while making request: getaddrinfo ENOTFOUND metadata.google.internal metadata.google.internal:80. Error code: ENOTFOUND\"."}  {"user":"[2020-04-12T16:11:32.656Z]  @firebase/database: FIREBASE WARNING: {\"code\":\"app/invalid-credential\",\"message\":\"Credential implementation provided to initializeApp() via the \\\"credential\\\" property failed to fetch a valid Google OAuth2 access token with the following error: \\\"Error fetching access token: Error while making request: getaddrinfo ENOTFOUND metadata.google.internal metadata.google.internal:80. Error code: ENOTFOUND\\\".\"} "}
[info] >  [2020-04-12T16:11:37.173Z]  @firebase/database: FIREBASE WARNING: {"code":"app/invalid-credential","message":"Credential implementation provided to initializeApp() via the \"credential\" property failed to fetch a valid Google OAuth2 access token with the following error: \"Error fetching access token: Error while making request: getaddrinfo ENOTFOUND metadata.google.internal metadata.google.internal:80. Error code: ENOTFOUND\"."}  {"user":"[2020-04-12T16:11:37.173Z]  @firebase/database: FIREBASE WARNING: {\"code\":\"app/invalid-credential\",\"message\":\"Credential implementation provided to initializeApp() via the \\\"credential\\\" property failed to fetch a valid Google OAuth2 access token with the following error: \\\"Error fetching access token: Error while making request: getaddrinfo ENOTFOUND metadata.google.internal metadata.google.internal:80. Error code: ENOTFOUND\\\".\"} "}
[info] >  [2020-04-12T16:11:42.353Z]  @firebase/database: FIREBASE WARNING: {"code":"app/invalid-credential","message":"Credential implementation provided to initializeApp() via the \"credential\" property failed to fetch a valid Google OAuth2 access token with the following error: \"Error fetching access token: Error while making request: getaddrinfo ENOTFOUND metadata.google.internal metadata.google.internal:80. Error code: ENOTFOUND\"."}  {"user":"[2020-04-12T16:11:42.353Z]  @firebase/database: FIREBASE WARNING: {\"code\":\"app/invalid-credential\",\"message\":\"Credential implementation provided to initializeApp() via the \\\"credential\\\" property failed to fetch a valid Google OAuth2 access token with the following error: \\\"Error fetching access token: Error while making request: getaddrinfo ENOTFOUND metadata.google.internal metadata.google.internal:80. Error code: ENOTFOUND\\\".\"} "}
[info] >  [2020-04-12T16:11:42.931Z]  @firebase/database: FIREBASE WARNING: {"code":"app/invalid-credential","message":"Credential implementation provided to initializeApp() via the \"credential\" property failed to fetch a valid Google OAuth2 access token with the following error: \"Error fetching access token: Error while making request: getaddrinfo ENOTFOUND metadata.google.internal metadata.google.internal:80. Error code: ENOTFOUND\"."}  {"user":"[2020-04-12T16:11:42.931Z]  @firebase/database: FIREBASE WARNING: {\"code\":\"app/invalid-credential\",\"message\":\"Credential implementation provided to initializeApp() via the \\\"credential\\\" property failed to fetch a valid Google OAuth2 access token with the following error: \\\"Error fetching access token: Error while making request: getaddrinfo ENOTFOUND metadata.google.internal metadata.google.internal:80. Error code: ENOTFOUND\\\".\"} "}
[info] >  [2020-04-12T16:11:53.158Z]  @firebase/database: FIREBASE WARNING: {"code":"app/invalid-credential","message":"Credential implementation provided to initializeApp() via the \"credential\" property failed to fetch a valid Google OAuth2 access token with the following error: \"Error fetching access token: Error while making request: getaddrinfo ENOTFOUND metadata.google.internal metadata.google.internal:80. Error code: ENOTFOUND\"."}  {"user":"[2020-04-12T16:11:53.158Z]  @firebase/database: FIREBASE WARNING: {\"code\":\"app/invalid-credential\",\"message\":\"Credential implementation provided to initializeApp() via the \\\"credential\\\" property failed to fetch a valid Google OAuth2 access token with the following error: \\\"Error fetching access token: Error while making request: getaddrinfo ENOTFOUND metadata.google.internal metadata.google.internal:80. Error code: ENOTFOUND\\\".\"} "}
[info] >  [2020-04-12T16:11:58.142Z]  @firebase/database: FIREBASE WARNING: {"code":"app/invalid-credential","message":"Credential implementation provided to initializeApp() via the \"credential\" property failed to fetch a valid Google OAuth2 access token with the following error: \"Error fetching access token: Error while making request: getaddrinfo ENOTFOUND metadata.google.internal metadata.google.internal:80. Error code: ENOTFOUND\"."}  {"user":"[2020-04-12T16:11:58.142Z]  @firebase/database: FIREBASE WARNING: {\"code\":\"app/invalid-credential\",\"message\":\"Credential implementation provided to initializeApp() via the \\\"credential\\\" property failed to fetch a valid Google OAuth2 access token with the following error: \\\"Error fetching access token: Error while making request: getaddrinfo ENOTFOUND metadata.google.internal metadata.google.internal:80. Error code: ENOTFOUND\\\".\"} "}
[info] >  [2020-04-12T16:12:06.487Z]  @firebase/database: FIREBASE WARNING: {"code":"app/invalid-credential","message":"Credential implementation provided to initializeApp() via the \"credential\" property failed to fetch a valid Google OAuth2 access token with the following error: \"Error fetching access token: Error while making request: getaddrinfo ENOTFOUND metadata.google.internal metadata.google.internal:80. Error code: ENOTFOUND\"."}  {"user":"[2020-04-12T16:12:06.487Z]  @firebase/database: FIREBASE WARNING: {\"code\":\"app/invalid-credential\",\"message\":\"Credential implementation provided to initializeApp() via the \\\"credential\\\" property failed to fetch a valid Google OAuth2 access token with the following error: \\\"Error fetching access token: Error while making request: getaddrinfo ENOTFOUND metadata.google.internal metadata.google.internal:80. Error code: ENOTFOUND\\\".\"} "}
[info] >  [2020-04-12T16:12:20.434Z]  @firebase/database: FIREBASE WARNING: {"code":"app/invalid-credential","message":"Credential implementation provided to initializeApp() via the \"credential\" property failed to fetch a valid Google OAuth2 access token with the following error: \"Error fetching access token: Error while making request: getaddrinfo ENOTFOUND metadata.google.internal metadata.google.internal:80. Error code: ENOTFOUND\"."}  {"user":"[2020-04-12T16:12:20.434Z]  @firebase/database: FIREBASE WARNING: {\"code\":\"app/invalid-credential\",\"message\":\"Credential implementation provided to initializeApp() via the \\\"credential\\\" property failed to fetch a valid Google OAuth2 access token with the following error: \\\"Error fetching access token: Error while making request: getaddrinfo ENOTFOUND metadata.google.internal metadata.google.internal:80. Error code: ENOTFOUND\\\".\"} "}
[warn] ⚠  functions: Your function timed out after ~60s. To configure this timeout, see
      https://firebase.google.com/docs/functions/manage-functions#set_timeout_and_memory_allocation.
[info] >  /Users/hideki.ishibashi/.nodebrew/node/v8.13.0/lib/node_modules/firebase-tools/lib/emulator/functionsEmulatorRuntime.js:614 {"user":"/Users/hideki.ishibashi/.nodebrew/node/v8.13.0/lib/node_modules/firebase-tools/lib/emulator/functionsEmulatorRuntime.js:614"}
[info] >                  throw new Error("Function timed out."); {"user":"                throw new Error(\"Function timed out.\");"}
[info] >                  ^ {"user":"                ^"}
[info] >   {"user":""}
[info] >  Error: Function timed out. {"user":"Error: Function timed out."}
[info] >      at Timeout.setTimeout [as _onTimeout] (/Users/hideki.ishibashi/.nodebrew/node/v8.13.0/lib/node_modules/firebase-tools/lib/emulator/functionsEmulatorRuntime.js:614:23) {"user":"    at Timeout.setTimeout [as _onTimeout] (/Users/hideki.ishibashi/.nodebrew/node/v8.13.0/lib/node_modules/firebase-tools/lib/emulator/functionsEmulatorRuntime.js:614:23)"}
[info] >      at ontimeout (timers.js:498:11) {"user":"    at ontimeout (timers.js:498:11)"}
[info] >      at tryOnTimeout (timers.js:323:5) {"user":"    at tryOnTimeout (timers.js:323:5)"}
[info] >      at Timer.listOnTimeout (timers.js:290:5) {"user":"    at Timer.listOnTimeout (timers.js:290:5)"}
[debug] [2020-04-12T16:12:24.659Z] [worker-app-996ebee1-50b8-4dba-ba8a-084fbb19a752]: exited 
[debug] [2020-04-12T16:12:24.659Z] [worker-app-996ebee1-50b8-4dba-ba8a-084fbb19a752]: FINISHED 
[debug] [2020-04-12T16:12:24.659Z] [work-queue] {"queueLength":0,"workRunningCount":0}
